Determining if the pthread_create exist failed with the following output:
Change Dir: /home/workspace/CppND-Route-Planning-Project/build/CMakeFiles/CMakeTmp

Run Build Command:"/usr/bin/make" "cmTC_89f7b/fast"
/usr/bin/make -f CMakeFiles/cmTC_89f7b.dir/build.make CMakeFiles/cmTC_89f7b.dir/build
make[1]: Entering directory '/workspace/home/CppND-Route-Planning-Project/build/CMakeFiles/CMakeTmp'
Building C object CMakeFiles/cmTC_89f7b.dir/CheckSymbolExists.c.o
/usr/bin/cc    -o CMakeFiles/cmTC_89f7b.dir/CheckSymbolExists.c.o   -c /home/workspace/CppND-Route-Planning-Project/build/CMakeFiles/CMakeTmp/CheckSymbolExists.c
Linking C executable cmTC_89f7b
/usr/local/bin/cmake -E cmake_link_script CMakeFiles/cmTC_89f7b.dir/link.txt --verbose=1
/usr/bin/cc      -rdynamic CMakeFiles/cmTC_89f7b.dir/CheckSymbolExists.c.o  -o cmTC_89f7b 
CMakeFiles/cmTC_89f7b.dir/CheckSymbolExists.c.o: In function `main':
CheckSymbolExists.c:(.text+0x16): undefined reference to `pthread_create'
collect2: error: ld returned 1 exit status
CMakeFiles/cmTC_89f7b.dir/build.make:86: recipe for target 'cmTC_89f7b' failed
make[1]: *** [cmTC_89f7b] Error 1
make[1]: Leaving directory '/workspace/home/CppND-Route-Planning-Project/build/CMakeFiles/CMakeTmp'
Makefile:121: recipe for target 'cmTC_89f7b/fast' failed
make: *** [cmTC_89f7b/fast] Error 2

File /home/workspace/CppND-Route-Planning-Project/build/CMakeFiles/CMakeTmp/CheckSymbolExists.c:
/* */
#include <pthread.h>

int main(int argc, char** argv)
{
  (void)argv;
#ifndef pthread_create
  return ((int*)(&pthread_create))[argc];
#else
  (void)argc;
  return 0;
#endif
}

Determining if the function pthread_create exists in the pthreads failed with the following output:
Change Dir: /home/workspace/CppND-Route-Planning-Project/build/CMakeFiles/CMakeTmp

Run Build Command:"/usr/bin/make" "cmTC_29cff/fast"
/usr/bin/make -f CMakeFiles/cmTC_29cff.dir/build.make CMakeFiles/cmTC_29cff.dir/build
make[1]: Entering directory '/workspace/home/CppND-Route-Planning-Project/build/CMakeFiles/CMakeTmp'
Building C object CMakeFiles/cmTC_29cff.dir/CheckFunctionExists.c.o
/usr/bin/cc   -DCHECK_FUNCTION_EXISTS=pthread_create   -o CMakeFiles/cmTC_29cff.dir/CheckFunctionExists.c.o   -c /usr/local/share/cmake-3.13/Modules/CheckFunctionExists.c
Linking C executable cmTC_29cff
/usr/local/bin/cmake -E cmake_link_script CMakeFiles/cmTC_29cff.dir/link.txt --verbose=1
/usr/bin/cc  -DCHECK_FUNCTION_EXISTS=pthread_create    -rdynamic CMakeFiles/cmTC_29cff.dir/CheckFunctionExists.c.o  -o cmTC_29cff -lpthreads 
/usr/bin/ld: cannot find -lpthreads
collect2: error: ld returned 1 exit status
CMakeFiles/cmTC_29cff.dir/build.make:86: recipe for target 'cmTC_29cff' failed
make[1]: *** [cmTC_29cff] Error 1
make[1]: Leaving directory '/workspace/home/CppND-Route-Planning-Project/build/CMakeFiles/CMakeTmp'
Makefile:121: recipe for target 'cmTC_29cff/fast' failed
make: *** [cmTC_29cff/fast] Error 2


